000 (10482003.000.000) 2022-11-14 09:55:16 Job submitted from host: <128.104.101.92:9618?addrs=128.104.101.92-9618+[2607-f388-107c-501-a236-9fff-fe3c-caa8]-9618&alias=submit2.chtc.wisc.edu&noUDP&sock=schedd_6791_a3be>
...
040 (10482003.000.000) 2022-11-14 09:55:39 Started transferring input files
	Transferring to host: <128.105.68.103:9618?addrs=128.105.68.103-9618+[2607-f388-2200-100-1270-fdff-fe74-930]-9618&alias=gpu2011.chtc.wisc.edu&noUDP&sock=slot1_1_2504245_e5a3_7047>
...
040 (10482003.000.000) 2022-11-14 09:55:40 Finished transferring input files
...
001 (10482003.000.000) 2022-11-14 09:55:41 Job executing on host: <128.105.68.103:9618?addrs=128.105.68.103-9618+[2607-f388-2200-100-1270-fdff-fe74-930]-9618&alias=gpu2011.chtc.wisc.edu&noUDP&sock=startd_3750240_4971>
...
006 (10482003.000.000) 2022-11-14 09:55:47 Image size of job updated: 28752
	0  -  MemoryUsage of job (MB)
	0  -  ResidentSetSize of job (KB)
...
040 (10482003.000.000) 2022-11-14 09:55:47 Started transferring output files
...
040 (10482003.000.000) 2022-11-14 09:55:47 Finished transferring output files
...
005 (10482003.000.000) 2022-11-14 09:55:48 Job terminated.
	(1) Normal termination (return value 0)
		Usr 0 00:00:05, Sys 0 00:00:02  -  Run Remote Usage
		Usr 0 00:00:00, Sys 0 00:00:00  -  Run Local Usage
		Usr 0 00:00:05, Sys 0 00:00:02  -  Total Remote Usage
		Usr 0 00:00:00, Sys 0 00:00:00  -  Total Local Usage
	10627  -  Run Bytes Sent By Job
	190522992  -  Run Bytes Received By Job
	10627  -  Total Bytes Sent By Job
	190522992  -  Total Bytes Received By Job
	Partitionable Resources :    Usage    Request  Allocated Assigned
	   Cpus                 :                   1          1 
	   Disk (KB)            :   704728 1048576000 1055662836 
	   Gpus (Average)       :                   1          1 "GPU-ab7faecb"
	   IoHeavy              :                              0 
	   Memory (MB)          :        0     409600     409600 

	Job terminated of its own accord at 2022-11-14T15:55:47Z with exit-code 0.
...
