000 (10481997.000.000) 2022-11-14 09:35:12 Job submitted from host: <128.104.101.92:9618?addrs=128.104.101.92-9618+[2607-f388-107c-501-a236-9fff-fe3c-caa8]-9618&alias=submit2.chtc.wisc.edu&noUDP&sock=schedd_6791_a3be>
...
040 (10481997.000.000) 2022-11-14 09:35:36 Started transferring input files
	Transferring to host: <128.105.68.103:9618?addrs=128.105.68.103-9618+[2607-f388-2200-100-1270-fdff-fe74-930]-9618&alias=gpu2011.chtc.wisc.edu&noUDP&sock=slot1_4_2504245_e5a3_6921>
...
040 (10481997.000.000) 2022-11-14 09:38:50 Finished transferring input files
...
001 (10481997.000.000) 2022-11-14 09:38:51 Job executing on host: <128.105.68.103:9618?addrs=128.105.68.103-9618+[2607-f388-2200-100-1270-fdff-fe74-930]-9618&alias=gpu2011.chtc.wisc.edu&noUDP&sock=startd_3750240_4971>
...
006 (10481997.000.000) 2022-11-14 09:39:00 Image size of job updated: 120192
	107  -  MemoryUsage of job (MB)
	108628  -  ResidentSetSize of job (KB)
...
006 (10481997.000.000) 2022-11-14 09:42:41 Image size of job updated: 2131912
	107  -  MemoryUsage of job (MB)
	108628  -  ResidentSetSize of job (KB)
...
040 (10481997.000.000) 2022-11-14 09:42:42 Started transferring output files
...
040 (10481997.000.000) 2022-11-14 09:42:42 Finished transferring output files
...
005 (10481997.000.000) 2022-11-14 09:42:43 Job terminated.
	(1) Normal termination (return value 0)
		Usr 0 00:03:21, Sys 0 00:01:00  -  Run Remote Usage
		Usr 0 00:00:00, Sys 0 00:00:00  -  Run Local Usage
		Usr 0 00:03:21, Sys 0 00:01:00  -  Total Remote Usage
		Usr 0 00:00:00, Sys 0 00:00:00  -  Total Local Usage
	17817080  -  Run Bytes Sent By Job
	36137455616  -  Run Bytes Received By Job
	17817080  -  Total Bytes Sent By Job
	36137455616  -  Total Bytes Received By Job
	Partitionable Resources :       Usage    Request  Allocated Assigned
	   Cpus                 :        1.16          1          1 
	   Disk (KB)            : 78605252    1048576000 1055662836 
	   Gpus (Average)       :        0             1          1 "GPU-d1034b45"
	   GpusMemory (MB)      :      820                          
	   IoHeavy              :                                 0 
	   Memory (MB)          :      107        409600     409600 

	Job terminated of its own accord at 2022-11-14T15:42:41Z with exit-code 0.
...
