000 (10482006.000.000) 2022-11-14 10:16:50 Job submitted from host: <128.104.101.92:9618?addrs=128.104.101.92-9618+[2607-f388-107c-501-a236-9fff-fe3c-caa8]-9618&alias=submit2.chtc.wisc.edu&noUDP&sock=schedd_6791_a3be>
...
040 (10482006.000.000) 2022-11-14 10:17:18 Started transferring input files
	Transferring to host: <128.105.68.98:9618?addrs=128.105.68.98-9618+[2607-f388-2200-100-1270-fdff-fe74-900]-9618&alias=gpu2006.chtc.wisc.edu&noUDP&sock=slot1_1_1394036_38e9_7724>
...
040 (10482006.000.000) 2022-11-14 10:17:20 Finished transferring input files
...
001 (10482006.000.000) 2022-11-14 10:17:21 Job executing on host: <128.105.68.98:9618?addrs=128.105.68.98-9618+[2607-f388-2200-100-1270-fdff-fe74-900]-9618&alias=gpu2006.chtc.wisc.edu&noUDP&sock=startd_4094834_1bd9>
...
006 (10482006.000.000) 2022-11-14 10:17:29 Image size of job updated: 267952
	254  -  MemoryUsage of job (MB)
	259108  -  ResidentSetSize of job (KB)
...
006 (10482006.000.000) 2022-11-14 10:18:00 Image size of job updated: 4226156
	266  -  MemoryUsage of job (MB)
	272348  -  ResidentSetSize of job (KB)
...
040 (10482006.000.000) 2022-11-14 10:18:00 Started transferring output files
...
040 (10482006.000.000) 2022-11-14 10:18:00 Finished transferring output files
...
005 (10482006.000.000) 2022-11-14 10:18:00 Job terminated.
	(1) Normal termination (return value 0)
		Usr 0 00:00:31, Sys 0 00:00:09  -  Run Remote Usage
		Usr 0 00:00:00, Sys 0 00:00:00  -  Run Local Usage
		Usr 0 00:00:31, Sys 0 00:00:09  -  Total Remote Usage
		Usr 0 00:00:00, Sys 0 00:00:00  -  Total Local Usage
	9562  -  Run Bytes Sent By Job
	190535408  -  Run Bytes Received By Job
	9562  -  Total Bytes Sent By Job
	190535408  -  Total Bytes Received By Job
	Partitionable Resources :      Usage    Request  Allocated Assigned
	   Cpus                 :       0.98          1          1 
	   Disk (KB)            : 7445442    1048576000 1052306211 
	   Gpus (Average)       :       0             1          1 "GPU-9eb76222"
	   GpusMemory (MB)      :     820                          
	   IoHeavy              :                                0 
	   Memory (MB)          :     266        409600     409600 

	Job terminated of its own accord at 2022-11-14T16:18:00Z with exit-code 0.
...
