000 (10482106.000.000) 2022-11-14 12:09:16 Job submitted from host: <128.104.101.92:9618?addrs=128.104.101.92-9618+[2607-f388-107c-501-a236-9fff-fe3c-caa8]-9618&alias=submit2.chtc.wisc.edu&noUDP&sock=schedd_6791_a3be>
...
040 (10482106.000.000) 2022-11-14 12:10:00 Started transferring input files
	Transferring to host: <128.105.68.98:9618?addrs=128.105.68.98-9618+[2607-f388-2200-100-1270-fdff-fe74-900]-9618&alias=gpu2006.chtc.wisc.edu&noUDP&sock=slot1_1_1394036_38e9_7911>
...
040 (10482106.000.000) 2022-11-14 12:14:37 Finished transferring input files
...
001 (10482106.000.000) 2022-11-14 12:14:38 Job executing on host: <128.105.68.98:9618?addrs=128.105.68.98-9618+[2607-f388-2200-100-1270-fdff-fe74-900]-9618&alias=gpu2006.chtc.wisc.edu&noUDP&sock=startd_4094834_1bd9>
...
006 (10482106.000.000) 2022-11-14 12:14:46 Image size of job updated: 17354312
	117  -  MemoryUsage of job (MB)
	119580  -  ResidentSetSize of job (KB)
...
006 (10482106.000.000) 2022-11-14 12:19:46 Image size of job updated: 17354312
	119  -  MemoryUsage of job (MB)
	121576  -  ResidentSetSize of job (KB)
...
006 (10482106.000.000) 2022-11-14 12:24:46 Image size of job updated: 17354312
	7330  -  MemoryUsage of job (MB)
	7505696  -  ResidentSetSize of job (KB)
...
006 (10482106.000.000) 2022-11-14 12:29:47 Image size of job updated: 17354312
	7744  -  MemoryUsage of job (MB)
	7929600  -  ResidentSetSize of job (KB)
...
006 (10482106.000.000) 2022-11-14 12:54:51 Image size of job updated: 17354312
	7814  -  MemoryUsage of job (MB)
	8000524  -  ResidentSetSize of job (KB)
...
006 (10482106.000.000) 2022-11-14 13:09:54 Image size of job updated: 17354312
	8029  -  MemoryUsage of job (MB)
	8221200  -  ResidentSetSize of job (KB)
...
006 (10482106.000.000) 2022-11-14 14:30:03 Image size of job updated: 17354312
	9515  -  MemoryUsage of job (MB)
	9743076  -  ResidentSetSize of job (KB)
...
006 (10482106.000.000) 2022-11-14 14:35:04 Image size of job updated: 23342172
	15194  -  MemoryUsage of job (MB)
	15558192  -  ResidentSetSize of job (KB)
...
006 (10482106.000.000) 2022-11-14 14:40:05 Image size of job updated: 23378164
	15194  -  MemoryUsage of job (MB)
	15558192  -  ResidentSetSize of job (KB)
...
006 (10482106.000.000) 2022-11-14 14:45:06 Image size of job updated: 23523892
	15194  -  MemoryUsage of job (MB)
	15558192  -  ResidentSetSize of job (KB)
...
006 (10482106.000.000) 2022-11-14 14:50:07 Image size of job updated: 23523892
	15636  -  MemoryUsage of job (MB)
	16010444  -  ResidentSetSize of job (KB)
...
006 (10482106.000.000) 2022-11-14 14:55:08 Image size of job updated: 23645480
	15778  -  MemoryUsage of job (MB)
	16156016  -  ResidentSetSize of job (KB)
...
006 (10482106.000.000) 2022-11-14 15:55:14 Image size of job updated: 23669000
	15778  -  MemoryUsage of job (MB)
	16156016  -  ResidentSetSize of job (KB)
...
