000 (10482076.000.000) 2022-11-14 10:36:03 Job submitted from host: <128.104.101.92:9618?addrs=128.104.101.92-9618+[2607-f388-107c-501-a236-9fff-fe3c-caa8]-9618&alias=submit2.chtc.wisc.edu&noUDP&sock=schedd_6791_a3be>
...
040 (10482076.000.000) 2022-11-14 10:36:43 Started transferring input files
	Transferring to host: <128.105.68.98:9618?addrs=128.105.68.98-9618+[2607-f388-2200-100-1270-fdff-fe74-900]-9618&alias=gpu2006.chtc.wisc.edu&noUDP&sock=slot1_1_1394036_38e9_7754>
...
040 (10482076.000.000) 2022-11-14 10:38:46 Finished transferring input files
...
001 (10482076.000.000) 2022-11-14 10:38:47 Job executing on host: <128.105.68.98:9618?addrs=128.105.68.98-9618+[2607-f388-2200-100-1270-fdff-fe74-900]-9618&alias=gpu2006.chtc.wisc.edu&noUDP&sock=startd_4094834_1bd9>
...
006 (10482076.000.000) 2022-11-14 10:38:56 Image size of job updated: 292700
	278  -  MemoryUsage of job (MB)
	283956  -  ResidentSetSize of job (KB)
...
006 (10482076.000.000) 2022-11-14 10:43:57 Image size of job updated: 4226052
	292  -  MemoryUsage of job (MB)
	298292  -  ResidentSetSize of job (KB)
...
006 (10482076.000.000) 2022-11-14 11:08:58 Image size of job updated: 8935868
	292  -  MemoryUsage of job (MB)
	298292  -  ResidentSetSize of job (KB)
...
006 (10482076.000.000) 2022-11-14 12:04:03 Image size of job updated: 9553212
	292  -  MemoryUsage of job (MB)
	298292  -  ResidentSetSize of job (KB)
...
006 (10482076.000.000) 2022-11-14 12:07:49 Image size of job updated: 9984684
	292  -  MemoryUsage of job (MB)
	298292  -  ResidentSetSize of job (KB)
...
004 (10482076.000.000) 2022-11-14 12:07:50 Job was evicted.
	(0) CPU times
		Usr 0 00:16:48, Sys 0 00:44:20  -  Run Remote Usage
		Usr 0 00:00:00, Sys 0 00:00:00  -  Run Local Usage
	0  -  Run Bytes Sent By Job
	36155297792  -  Run Bytes Received By Job
	Partitionable Resources :       Usage    Request  Allocated Assigned
	   Cpus                 :        0.82          1          1 
	   Disk (KB)            : 85644697    1048576000 1052306211 
	   Gpus (Average)       :   678231.16          1          1 "GPU-9eb76222"
	   GpusMemory (MB)      :     4927                          
	   IoHeavy              :                                 0 
	   Memory (MB)          :      292        409600     409600 
...
009 (10482076.000.000) 2022-11-14 12:07:50 Job was aborted.
	via condor_rm (by user suresh27)
...
